2018-01-31 09:58:43,873 - runAllTest - INFO - 删除page_path图片,删除loc_now_path图片
2018-01-31 09:58:56,418 - TestIDInfo - CRITICAL - Test case ID: test_home_A001 
2018-01-31 09:59:06,786 - CreatePNG - INFO - Save the custom size screen snapshot as the ‘.\data\loc_now’ folder. png : test_home_A001 
2018-01-31 09:59:19,841 - TestIDInfo - CRITICAL - Test case ID: test_home_A002 
2018-01-31 09:59:46,887 - TestIDInfo - CRITICAL - Test case ID: test_home_A003 
2018-01-31 10:00:15,906 - TestIDInfo - CRITICAL - Test case ID: test_home_A004 
2018-01-31 10:00:41,526 - TestIDInfo - CRITICAL - Test case ID: test_home_A005 
2018-01-31 10:00:57,604 - SQLDataInfo - INFO - 从SQL获取锁屏状态'1 == 锁屏， 0 == 解屏' {'locked': 1} 
2018-01-31 10:01:04,141 - SQLDataInfo - INFO - 从SQL获取锁屏状态'1 == 锁屏， 0 == 解屏' {'locked': 0} 
2018-01-31 10:01:17,109 - TestIDInfo - CRITICAL - Test case ID: test_home_A006 
2018-01-31 10:01:53,973 - screenAssert - ERROR - Test case assertion failureGet, error info ( '设备未锁屏' != '设备已锁屏'
- 设备未锁屏
?   ^
+ 设备已锁屏
?   ^
 )
2018-01-31 10:01:53,973 - screenAssert - ERROR - Test case assertion failureGet, the screen shot to save to '\report\assert_png\2018-01-31'
2018-01-31 10:02:06,187 - TestIDInfo - CRITICAL - Test case ID: test_home_A007 
2018-01-31 10:02:20,672 - HTMLTestRunner - CRITICAL -  =========== The test results ===========  
2018-01-31 10:02:20,673 - HTMLTestRunner - CRITICAL -  result.success_count , Pass : 6 
2018-01-31 10:02:20,673 - HTMLTestRunner - CRITICAL -  result.failure_count , Fail : 1 
2018-01-31 10:02:20,673 - HTMLTestRunner - CRITICAL -  result.error_count   , Error: 0 
2018-01-31 10:02:20,673 - HTMLTestRunner - CRITICAL -  all test cases : 7 
2018-01-31 10:02:20,674 - HTMLTestRunner - CRITICAL -  =========== The test results ===========  
