2018-01-31 10:14:20,891 - runAllTest - INFO - 删除page_path图片,删除loc_now_path图片
2018-01-31 10:14:21,269 - APIDataInfo - INFO - My_api -> get_token -> 获取token值 QxnxTtbV0fcQHLicXYUVFQ== 
2018-01-31 10:14:33,977 - TestIDInfo - CRITICAL - Test case ID: test_home_A001 
2018-01-31 10:14:45,752 - CreatePNG - INFO - Save the custom size screen snapshot as the ‘.\data\loc_now’ folder. png : test_home_A001 
2018-01-31 10:14:58,038 - TestIDInfo - CRITICAL - Test case ID: test_home_A002 
2018-01-31 10:15:23,879 - TestIDInfo - CRITICAL - Test case ID: test_home_A003 
2018-01-31 10:15:54,200 - TestIDInfo - CRITICAL - Test case ID: test_home_A004 
2018-01-31 10:16:19,805 - TestIDInfo - CRITICAL - Test case ID: test_home_A005 
2018-01-31 10:16:39,653 - SQLDataInfo - INFO - 从SQL获取锁屏状态'1 == 锁屏， 0 == 解屏' None 
2018-01-31 10:16:39,654 - SQLDataInfo - INFO - 从数据库获取锁屏状态失败
2018-01-31 10:16:42,042 - SQLDataInfo - INFO - 从SQL获取锁屏状态'1 == 锁屏， 0 == 解屏' None 
2018-01-31 10:16:42,044 - SQLDataInfo - INFO - 从数据库获取锁屏状态失败
2018-01-31 10:16:45,124 - screenAssert - ERROR - Test case assertion failureGet, error info ( None != 0 )
2018-01-31 10:16:45,124 - screenAssert - ERROR - Test case assertion failureGet, the screen shot to save to '\report\assert_png\2018-01-31'
2018-01-31 10:16:57,159 - TestIDInfo - CRITICAL - Test case ID: test_home_A006 
2018-01-31 10:17:31,635 - screenAssert - ERROR - Test case assertion failureGet, error info ( '设备未锁屏' != '设备已锁屏'
- 设备未锁屏
?   ^
+ 设备已锁屏
?   ^
 )
2018-01-31 10:17:31,636 - screenAssert - ERROR - Test case assertion failureGet, the screen shot to save to '\report\assert_png\2018-01-31'
2018-01-31 10:17:44,811 - TestIDInfo - CRITICAL - Test case ID: test_home_A007 
2018-01-31 10:17:56,491 - URL_Management - CRITICAL - --------------------网址管理测试开始--------------------
2018-01-31 10:18:07,509 - TestIDInfo - CRITICAL - Test case ID: test_url_A001_level 
2018-01-31 10:18:31,098 - TestIDInfo - CRITICAL - Test case ID: test_url_A002_level 
2018-01-31 10:18:57,147 - TestIDInfo - CRITICAL - Test case ID: test_url_A003_level 
2018-01-31 10:19:23,228 - TestIDInfo - CRITICAL - Test case ID: test_url_A004_level 
2018-01-31 10:19:49,212 - TestIDInfo - CRITICAL - Test case ID: test_url_A005_level 
2018-01-31 10:20:04,532 - CreatePNG - INFO - Save the custom size screen snapshot as the ‘.\data\loc_now’ folder. png : test_url_A005_level 
2018-01-31 10:20:16,619 - TestIDInfo - CRITICAL - Test case ID: test_url_A006_level 
2018-01-31 10:20:42,560 - TestIDInfo - CRITICAL - Test case ID: test_url_A007_level 
2018-01-31 10:20:58,600 - CreatePNG - INFO - Save the custom size screen snapshot as the ‘.\data\loc_now’ folder. png : test_url_A007_level 
2018-01-31 10:21:10,596 - TestIDInfo - CRITICAL - Test case ID: test_url_A008_level 
2018-01-31 10:21:35,512 - TestIDInfo - CRITICAL - Test case ID: test_url_A009_level 
2018-01-31 10:21:50,238 - CreatePNG - INFO - Save the custom size screen snapshot as the ‘.\data\loc_now’ folder. png : test_url_A009_level 
2018-01-31 10:22:03,121 - TestIDInfo - CRITICAL - Test case ID: test_url_A010_level 
2018-01-31 10:22:30,710 - TestIDInfo - CRITICAL - Test case ID: test_url_A011_level 
2018-01-31 10:22:46,945 - SQLDataInfo - INFO - 从SQL获取网址管理等级失败
2018-01-31 10:22:49,350 - screenAssert - ERROR - Test case assertion failureGet, error info ( None != {'url_limit_id': 1} )
2018-01-31 10:22:49,350 - screenAssert - ERROR - Test case assertion failureGet, the screen shot to save to '\report\assert_png\2018-01-31'
2018-01-31 10:23:01,108 - TestIDInfo - CRITICAL - Test case ID: test_url_A012_level 
2018-01-31 10:23:17,110 - SQLDataInfo - INFO - 从SQL获取网址管理等级失败
2018-01-31 10:23:19,474 - screenAssert - ERROR - Test case assertion failureGet, error info ( None != {'url_limit_id': 2} )
2018-01-31 10:23:19,474 - screenAssert - ERROR - Test case assertion failureGet, the screen shot to save to '\report\assert_png\2018-01-31'
2018-01-31 10:23:31,744 - TestIDInfo - CRITICAL - Test case ID: test_url_A013_level 
2018-01-31 10:23:47,057 - SQLDataInfo - INFO - 从SQL获取网址管理等级失败
2018-01-31 10:23:49,387 - screenAssert - ERROR - Test case assertion failureGet, error info ( None != {'url_limit_id': 3} )
2018-01-31 10:23:49,387 - screenAssert - ERROR - Test case assertion failureGet, the screen shot to save to '\report\assert_png\2018-01-31'
2018-01-31 10:24:02,296 - TestIDInfo - CRITICAL - Test case ID: test_url_B001_black 
2018-01-31 10:24:18,119 - CreatePNG - INFO - Save the custom size screen snapshot as the ‘.\data\loc_now’ folder. png : test_url_B001_black 
2018-01-31 10:24:29,956 - TestIDInfo - CRITICAL - Test case ID: test_url_B002_black 
2018-01-31 10:24:55,463 - TestIDInfo - CRITICAL - Test case ID: test_url_B003_black 
2018-01-31 10:25:24,310 - TestIDInfo - CRITICAL - Test case ID: test_url_B004_black 
2018-01-31 10:25:53,015 - TestIDInfo - CRITICAL - Test case ID: test_url_B005_black 
2018-01-31 10:26:22,402 - TestIDInfo - CRITICAL - Test case ID: test_url_B006_black 
2018-01-31 10:26:56,762 - TestIDInfo - CRITICAL - Test case ID: test_url_B007_black 
2018-01-31 10:27:33,381 - TestIDInfo - CRITICAL - Test case ID: test_url_B008_black 
2018-01-31 10:28:14,291 - TestIDInfo - CRITICAL - Test case ID: test_url_B009_black 
2018-01-31 10:29:05,640 - TestIDInfo - CRITICAL - Test case ID: test_url_B010_black 
2018-01-31 10:30:07,813 - TestIDInfo - CRITICAL - Test case ID: test_url_B011_black 
2018-01-31 10:31:09,350 - TestIDInfo - CRITICAL - Test case ID: test_url_B012_black 
2018-01-31 10:32:26,472 - TestIDInfo - CRITICAL - Test case ID: test_url_B013_black 
2018-01-31 10:33:16,950 - TestIDInfo - CRITICAL - Test case ID: test_url_B014_black 
2018-01-31 10:34:05,655 - TestIDInfo - CRITICAL - Test case ID: test_url_B015_black 
2018-01-31 10:35:32,384 - TestIDInfo - CRITICAL - Test case ID: test_url_B016_black 
2018-01-31 10:36:15,460 - TestIDInfo - CRITICAL - Test case ID: test_url_B017_black 
2018-01-31 10:36:57,711 - TestIDInfo - CRITICAL - Test case ID: test_url_B018_black 
2018-01-31 10:37:42,063 - TestIDInfo - CRITICAL - Test case ID: test_url_B019_black 
2018-01-31 10:38:14,542 - SQLDataInfo - INFO - 从SQL获取网址黑、白名单网址失败
2018-01-31 10:38:28,189 - screenAssert - ERROR - Test case assertion failureGet, error info ( None != [{'url_domain': 'baidu.com'}, {'url_domai[37 chars]om'}] )
2018-01-31 10:38:28,189 - screenAssert - ERROR - Test case assertion failureGet, the screen shot to save to '\report\assert_png\2018-01-31'
2018-01-31 10:38:40,193 - TestIDInfo - CRITICAL - Test case ID: test_url_C001_white 
2018-01-31 10:38:50,446 - screenAssert - ERROR - Test case assertion failureGet, error info ( Message: android.support.test.uiautomator.StaleObjectException
	at android.support.test.uiautomator.UiObject2.getAccessibilityNodeInfo(UiObject2.java:629)
	at android.support.test.uiautomator.UiObject2.getVisibleBounds(UiObject2.java:210)
	at android.support.test.uiautomator.UiObject2.getVisibleCenter(UiObject2.java:251)
	at android.support.test.uiautomator.UiObject2.click(UiObject2.java:343)
	at io.appium.uiautomator2.model.UiObject2Element.click(UiObject2Element.java:44)
	at io.appium.uiautomator2.handler.Click.safeHandle(Click.java:40)
	at io.appium.uiautomator2.handler.request.SafeRequestHandler.handle(SafeRequestHandler.java:56)
	at io.appium.uiautomator2.server.AppiumServlet.handleRequest(AppiumServlet.java:202)
	at io.appium.uiautomator2.server.AppiumServlet.handleHttpRequest(AppiumServlet.java:193)
	at io.appium.uiautomator2.http.ServerHandler.channelRead(ServerHandler.java:44)
	at io.netty.channel.AbstractChannelHandlerContext.invokeChannelRead(AbstractChannelHandlerContext.java:366)
	at io.netty.channel.AbstractChannelHandlerContext.invokeChannelRead(AbstractChannelHandlerContext.java:352)
	at io.netty.channel.AbstractChannelHandlerContext.fireChannelRead(AbstractChannelHandlerContext.java:345)
	at io.netty.handler.codec.MessageToMessageDecoder.channelRead(MessageToMessageDecoder.java:102)
	at io.netty.channel.AbstractChannelHandlerContext.invokeChannelRead(AbstractChannelHandlerContext.java:366)
	at io.netty.channel.AbstractChannelHandlerContext.invokeChannelRead(AbstractChannelHandlerContext.java:352)
	at io.netty.channel.AbstractChannelHandlerContext.fireChannelRead(AbstractChannelHandlerContext.java:345)
	at io.netty.channel.CombinedChannelDuplexHandler$DelegatingChannelHandlerContext.fireChannelRead(CombinedChannelDuplexHandler.java:435)
	at io.netty.handler.codec.ByteToMessageDecoder.fireChannelRead(ByteToMessageDecoder.java:293)
	at io.netty.handler.codec.ByteToMessageDecoder.channelRead(ByteToMessageDecoder.java:267)
	at io.netty.channel.CombinedChannelDuplexHandler.channelRead(CombinedChannelDuplexHandler.java:250)
	at io.netty.channel.AbstractChannelHandlerContext.invokeChannelRead(AbstractChannelHandlerContext.java:366)
	at io.netty.channel.AbstractChannelHandlerContext.invokeChannelRead(AbstractChannelHandlerContext.java:352)
	at io.netty.channel.AbstractChannelHandlerContext.fireChannelRead(AbstractChannelHandlerContext.java:345)
	at io.netty.channel.DefaultChannelPipeline$HeadContext.channelRead(DefaultChannelPipeline.java:1294)
	at io.netty.channel.AbstractChannelHandlerContext.invokeChannelRead(AbstractChannelHandlerContext.java:366)
	at io.netty.channel.AbstractChannelHandlerContext.invokeChannelRead(AbstractChannelHandlerContext.java:352)
	at io.netty.channel.DefaultChannelPipeline.fireChannelRead(DefaultChannelPipeline.java:911)
	at io.netty.channel.nio.AbstractNioByteChannel$NioByteUnsafe.read(AbstractNioByteChannel.java:131)
	at io.netty.channel.nio.NioEventLoop.processSelectedKey(NioEventLoop.java:611)
	at io.netty.channel.nio.NioEventLoop.processSelectedKeysPlain(NioEventLoop.java:514)
	at io.netty.channel.nio.NioEventLoop.processSelectedKeys(NioEventLoop.java:468)
	at io.netty.channel.nio.NioEventLoop.run(NioEventLoop.java:438)
	at io.netty.util.concurrent.SingleThreadEventExecutor$2.run(SingleThreadEventExecutor.java:140)
	at io.netty.util.concurrent.DefaultThreadFactory$DefaultRunnableDecorator.run(DefaultThreadFactory.java:144)
	at java.lang.Thread.run(Thread.java:818)

 )
2018-01-31 10:38:50,446 - screenAssert - ERROR - Test case assertion failureGet, the screen shot to save to '\report\assert_png\2018-01-31'
2018-01-31 10:39:02,652 - TestIDInfo - CRITICAL - Test case ID: test_url_C002_white 
2018-01-31 10:39:31,034 - TestIDInfo - CRITICAL - Test case ID: test_url_C003_white 
2018-01-31 10:39:57,974 - TestIDInfo - CRITICAL - Test case ID: test_url_C004_white 
2018-01-31 10:40:28,879 - TestIDInfo - CRITICAL - Test case ID: test_url_C005_white 
2018-01-31 10:41:00,307 - TestIDInfo - CRITICAL - Test case ID: test_url_C006_white 
2018-01-31 10:41:32,682 - TestIDInfo - CRITICAL - Test case ID: test_url_C007_white 
2018-01-31 10:42:22,433 - TestIDInfo - CRITICAL - Test case ID: test_url_C008_white 
2018-01-31 10:43:01,668 - TestIDInfo - CRITICAL - Test case ID: test_url_C009_white 
2018-01-31 10:43:11,890 - screenAssert - ERROR - Test case assertion failureGet, error info ( Message: android.support.test.uiautomator.StaleObjectException
	at android.support.test.uiautomator.UiObject2.getAccessibilityNodeInfo(UiObject2.java:629)
	at android.support.test.uiautomator.UiObject2.getVisibleBounds(UiObject2.java:210)
	at android.support.test.uiautomator.UiObject2.getVisibleCenter(UiObject2.java:251)
	at android.support.test.uiautomator.UiObject2.click(UiObject2.java:343)
	at io.appium.uiautomator2.model.UiObject2Element.click(UiObject2Element.java:44)
	at io.appium.uiautomator2.handler.Click.safeHandle(Click.java:40)
	at io.appium.uiautomator2.handler.request.SafeRequestHandler.handle(SafeRequestHandler.java:56)
	at io.appium.uiautomator2.server.AppiumServlet.handleRequest(AppiumServlet.java:202)
	at io.appium.uiautomator2.server.AppiumServlet.handleHttpRequest(AppiumServlet.java:193)
	at io.appium.uiautomator2.http.ServerHandler.channelRead(ServerHandler.java:44)
	at io.netty.channel.AbstractChannelHandlerContext.invokeChannelRead(AbstractChannelHandlerContext.java:366)
	at io.netty.channel.AbstractChannelHandlerContext.invokeChannelRead(AbstractChannelHandlerContext.java:352)
	at io.netty.channel.AbstractChannelHandlerContext.fireChannelRead(AbstractChannelHandlerContext.java:345)
	at io.netty.handler.codec.MessageToMessageDecoder.channelRead(MessageToMessageDecoder.java:102)
	at io.netty.channel.AbstractChannelHandlerContext.invokeChannelRead(AbstractChannelHandlerContext.java:366)
	at io.netty.channel.AbstractChannelHandlerContext.invokeChannelRead(AbstractChannelHandlerContext.java:352)
	at io.netty.channel.AbstractChannelHandlerContext.fireChannelRead(AbstractChannelHandlerContext.java:345)
	at io.netty.channel.CombinedChannelDuplexHandler$DelegatingChannelHandlerContext.fireChannelRead(CombinedChannelDuplexHandler.java:435)
	at io.netty.handler.codec.ByteToMessageDecoder.fireChannelRead(ByteToMessageDecoder.java:293)
	at io.netty.handler.codec.ByteToMessageDecoder.channelRead(ByteToMessageDecoder.java:267)
	at io.netty.channel.CombinedChannelDuplexHandler.channelRead(CombinedChannelDuplexHandler.java:250)
	at io.netty.channel.AbstractChannelHandlerContext.invokeChannelRead(AbstractChannelHandlerContext.java:366)
	at io.netty.channel.AbstractChannelHandlerContext.invokeChannelRead(AbstractChannelHandlerContext.java:352)
	at io.netty.channel.AbstractChannelHandlerContext.fireChannelRead(AbstractChannelHandlerContext.java:345)
	at io.netty.channel.DefaultChannelPipeline$HeadContext.channelRead(DefaultChannelPipeline.java:1294)
	at io.netty.channel.AbstractChannelHandlerContext.invokeChannelRead(AbstractChannelHandlerContext.java:366)
	at io.netty.channel.AbstractChannelHandlerContext.invokeChannelRead(AbstractChannelHandlerContext.java:352)
	at io.netty.channel.DefaultChannelPipeline.fireChannelRead(DefaultChannelPipeline.java:911)
	at io.netty.channel.nio.AbstractNioByteChannel$NioByteUnsafe.read(AbstractNioByteChannel.java:131)
	at io.netty.channel.nio.NioEventLoop.processSelectedKey(NioEventLoop.java:611)
	at io.netty.channel.nio.NioEventLoop.processSelectedKeysPlain(NioEventLoop.java:514)
	at io.netty.channel.nio.NioEventLoop.processSelectedKeys(NioEventLoop.java:468)
	at io.netty.channel.nio.NioEventLoop.run(NioEventLoop.java:438)
	at io.netty.util.concurrent.SingleThreadEventExecutor$2.run(SingleThreadEventExecutor.java:140)
	at io.netty.util.concurrent.DefaultThreadFactory$DefaultRunnableDecorator.run(DefaultThreadFactory.java:144)
	at java.lang.Thread.run(Thread.java:818)

 )
2018-01-31 10:43:11,890 - screenAssert - ERROR - Test case assertion failureGet, the screen shot to save to '\report\assert_png\2018-01-31'
2018-01-31 10:43:24,865 - TestIDInfo - CRITICAL - Test case ID: test_url_C010_white 
2018-01-31 10:44:10,676 - TestIDInfo - CRITICAL - Test case ID: test_url_C011_white 
2018-01-31 10:45:06,775 - TestIDInfo - CRITICAL - Test case ID: test_url_C012_white 
2018-01-31 10:45:31,608 - screenAssert - ERROR - Test case assertion failureGet, error info ( not all arguments converted during string formatting )
2018-01-31 10:45:31,609 - screenAssert - ERROR - Test case assertion failureGet, the screen shot to save to '\report\assert_png\2018-01-31'
2018-01-31 10:45:43,258 - TestIDInfo - CRITICAL - Test case ID: test_url_C013_white 
2018-01-31 10:46:23,510 - TestIDInfo - CRITICAL - Test case ID: test_url_C014_white 
2018-01-31 10:47:19,501 - TestIDInfo - CRITICAL - Test case ID: test_url_C015_white 
2018-01-31 10:48:17,870 - TestIDInfo - CRITICAL - Test case ID: test_url_C016_white 
2018-01-31 10:48:42,774 - screenAssert - ERROR - Test case assertion failureGet, error info ( not all arguments converted during string formatting )
2018-01-31 10:48:42,774 - screenAssert - ERROR - Test case assertion failureGet, the screen shot to save to '\report\assert_png\2018-01-31'
2018-01-31 10:48:54,705 - TestIDInfo - CRITICAL - Test case ID: test_url_C017_white 
2018-01-31 10:49:53,951 - TestIDInfo - CRITICAL - Test case ID: test_url_C018_white 
2018-01-31 10:50:20,336 - screenAssert - ERROR - Test case assertion failureGet, error info ( not all arguments converted during string formatting )
2018-01-31 10:50:20,336 - screenAssert - ERROR - Test case assertion failureGet, the screen shot to save to '\report\assert_png\2018-01-31'
2018-01-31 10:50:33,422 - TestIDInfo - CRITICAL - Test case ID: test_url_C019_white 
2018-01-31 10:51:13,232 - SQLDataInfo - INFO - 从SQL获取网址黑、白名单网址失败
2018-01-31 10:51:22,713 - screenAssert - ERROR - Test case assertion failureGet, error info ( None != [{'url_domain': '51.com'}, {'url_domain':[39 chars]om'}] )
2018-01-31 10:51:22,713 - screenAssert - ERROR - Test case assertion failureGet, the screen shot to save to '\report\assert_png\2018-01-31'
2018-01-31 10:51:34,423 - TestIDInfo - CRITICAL - Test case ID: test_url_D001_white_and_black 
2018-01-31 10:52:15,477 - TestIDInfo - CRITICAL - Test case ID: test_url_D012_white_and_black 
2018-01-31 10:52:52,620 - TestIDInfo - CRITICAL - Test case ID: test_url_E001_key 
2018-01-31 10:53:05,076 - Common - ERROR - ‘find_element(*loc).is_displayed()’ The page was not found ‘//android.widget.TextView[@text="网址管理"]’ element,Save the screen shot as the ‘.\report\report_html’ folder 
2018-01-31 10:53:08,187 - screenAssert - ERROR - Test case assertion failureGet, error info ( 'NoneType' object has no attribute 'click' )
2018-01-31 10:53:08,187 - screenAssert - ERROR - Test case assertion failureGet, the screen shot to save to '\report\assert_png\2018-01-31'
2018-01-31 10:53:20,043 - TestIDInfo - CRITICAL - Test case ID: test_url_E002_key 
2018-01-31 10:53:36,535 - CreatePNG - INFO - Save the custom size screen snapshot as the ‘.\data\loc_now’ folder. png : test_url_E002_key 
2018-01-31 10:53:48,735 - TestIDInfo - CRITICAL - Test case ID: test_url_E003_key 
2018-01-31 10:54:08,204 - CreatePNG - INFO - Save the custom size screen snapshot as the ‘.\data\loc_now’ folder. png : test_url_E003_key 
2018-01-31 10:54:20,255 - TestIDInfo - CRITICAL - Test case ID: test_url_E004_key 
2018-01-31 10:54:59,968 - Common - ERROR - ‘EC.visibility_of_element_located(loc)’ The page was not found ‘//android.widget.TextView[@text="关键字"]’ element,Save the screen shot as the ‘.\report\report_html’ folder 
2018-01-31 10:55:02,781 - screenAssert - ERROR - Test case assertion failureGet, error info ( 'NoneType' object has no attribute 'click' )
2018-01-31 10:55:02,782 - screenAssert - ERROR - Test case assertion failureGet, the screen shot to save to '\report\assert_png\2018-01-31'
2018-01-31 10:55:14,554 - TestIDInfo - CRITICAL - Test case ID: test_url_E005_key 
2018-01-31 10:55:58,345 - Common - ERROR - ‘is_display’ Failed to find ‘com.gwchina.lssw.parent:id/btn_switch’ elements
2018-01-31 10:56:00,913 - screenAssert - ERROR - Test case assertion failureGet, error info ( None != {'value': '1'} )
2018-01-31 10:56:00,913 - screenAssert - ERROR - Test case assertion failureGet, the screen shot to save to '\report\assert_png\2018-01-31'
2018-01-31 10:56:12,616 - TestIDInfo - CRITICAL - Test case ID: test_url_E006_key 
2018-01-31 10:56:40,334 - TestIDInfo - CRITICAL - Test case ID: test_url_E007_key 
2018-01-31 10:57:05,499 - CreatePNG - INFO - Save the custom size screen snapshot as the ‘.\data\loc_now’ folder. png : test_url_E007_key 
2018-01-31 10:57:17,544 - TestIDInfo - CRITICAL - Test case ID: test_url_E008_key 
2018-01-31 10:57:58,701 - TestIDInfo - CRITICAL - Test case ID: test_url_E009_key 
2018-01-31 10:58:32,789 - TestIDInfo - CRITICAL - Test case ID: test_url_E010_key 
2018-01-31 10:59:11,682 - TestIDInfo - CRITICAL - Test case ID: test_url_E011_key 
2018-01-31 10:59:38,672 - TestIDInfo - CRITICAL - Test case ID: test_url_E012_key 
2018-01-31 11:00:22,148 - TestIDInfo - CRITICAL - Test case ID: test_url_E013_key 
2018-01-31 11:00:57,804 - screenAssert - ERROR - Test case assertion failureGet, error info ( () != [{'keyword': '测试数据4'}, {'keyword': '测试数据5'}, {'keyword': '测试数据6'}] )
2018-01-31 11:00:57,804 - screenAssert - ERROR - Test case assertion failureGet, the screen shot to save to '\report\assert_png\2018-01-31'
2018-01-31 11:01:09,689 - TestIDInfo - CRITICAL - Test case ID: test_url_E014_key 
2018-01-31 11:01:45,843 - TestIDInfo - CRITICAL - Test case ID: test_url_E015_key 
2018-01-31 11:02:15,765 - URL_Management - CRITICAL - --------------------网址管理测试结束--------------------
2018-01-31 11:02:15,766 - TimeTest - CRITICAL - --------------------时间管理测试开始--------------------
2018-01-31 11:02:27,646 - TestIDInfo - CRITICAL - Test case ID: test_time_A001 
2018-01-31 11:02:42,438 - CreatePNG - INFO - Save the custom size screen snapshot as the ‘.\data\loc_now’ folder. png : test_time_001 
2018-01-31 11:02:56,434 - TestIDInfo - CRITICAL - Test case ID: test_time_A002 
2018-01-31 11:03:10,846 - CreatePNG - INFO - Save the custom size screen snapshot as the ‘.\data\loc_now’ folder. png : test_time_002 
2018-01-31 11:03:29,989 - TestIDInfo - CRITICAL - Test case ID: test_time_A003 
2018-01-31 11:03:58,934 - TestIDInfo - CRITICAL - Test case ID: test_time_A004 
2018-01-31 11:04:28,660 - TestIDInfo - CRITICAL - Test case ID: test_time_A005 
2018-01-31 11:05:05,135 - TestIDInfo - CRITICAL - Test case ID: test_time_A006 
2018-01-31 11:05:21,813 - CreatePNG - INFO - Save the custom size screen snapshot as the ‘.\data\loc_now’ folder. png : test_time_006 
2018-01-31 11:05:35,859 - TestIDInfo - CRITICAL - Test case ID: test_time_A007 
2018-01-31 11:06:21,124 - TestIDInfo - CRITICAL - Test case ID: test_time_A008 
2018-01-31 11:06:55,566 - TestIDInfo - CRITICAL - Test case ID: test_time_A009 
2018-01-31 11:07:27,133 - TestIDInfo - CRITICAL - Test case ID: test_time_A011 
2018-01-31 11:07:49,224 - screenAssert - ERROR - Test case assertion failureGet, error info ( '19:00-20:00' != '全天禁用'
- 19:00-20:00
+ 全天禁用
 )
2018-01-31 11:07:49,224 - screenAssert - ERROR - Test case assertion failureGet, the screen shot to save to '\report\assert_png\2018-01-31'
2018-01-31 11:08:03,211 - TestIDInfo - CRITICAL - Test case ID: test_time_A012 
2018-01-31 11:08:24,727 - screenAssert - ERROR - Test case assertion failureGet, error info ( '01:00-05:00,    19:00-20:00' != '01:00-05:00'
- 01:00-05:00,    19:00-20:00
+ 01:00-05:00
 )
2018-01-31 11:08:24,727 - screenAssert - ERROR - Test case assertion failureGet, the screen shot to save to '\report\assert_png\2018-01-31'
2018-01-31 11:08:38,686 - TestIDInfo - CRITICAL - Test case ID: test_time_A013 
2018-01-31 11:09:01,470 - screenAssert - ERROR - Test case assertion failureGet, error info ( '01:00-05:00,    07:00-14:00,    19:00-20:00' != '01:00-05:00,    07:00-14:00'
- 01:00-05:00,    07:00-14:00,    19:00-20:00
?                            ----------------
+ 01:00-05:00,    07:00-14:00
 )
2018-01-31 11:09:01,471 - screenAssert - ERROR - Test case assertion failureGet, the screen shot to save to '\report\assert_png\2018-01-31'
2018-01-31 11:09:15,084 - TestIDInfo - CRITICAL - Test case ID: test_time_A014 
2018-01-31 11:09:38,900 - screenAssert - ERROR - Test case assertion failureGet, error info ( '01:00-05:00,    07:00-14:00,    19:00-24:00' != '01:00-05:00,    07:00-14:00,    18:00-24:00'
- 01:00-05:00,    07:00-14:00,    19:00-24:00
?                                  ^
+ 01:00-05:00,    07:00-14:00,    18:00-24:00
?                                  ^
 )
2018-01-31 11:09:38,900 - screenAssert - ERROR - Test case assertion failureGet, the screen shot to save to '\report\assert_png\2018-01-31'
2018-01-31 11:09:52,940 - TestIDInfo - CRITICAL - Test case ID: test_time_A015 
2018-01-31 11:10:26,151 - TestIDInfo - CRITICAL - Test case ID: test_time_A016 
2018-01-31 11:10:59,933 - TestIDInfo - CRITICAL - Test case ID: test_time_A017 
2018-01-31 11:11:21,648 - TimeTest - CRITICAL - --------------------时间管理测试结束--------------------
2018-01-31 11:11:21,649 - AreaTest - CRITICAL - --------------------安全区域测试开始--------------------
2018-01-31 11:11:32,430 - TestIDInfo - CRITICAL - Test case ID: test_area_001 
2018-01-31 11:11:57,093 - screenAssert - ERROR - Test case assertion failureGet, error info ( not all arguments converted during string formatting )
2018-01-31 11:11:57,093 - screenAssert - ERROR - Test case assertion failureGet, the screen shot to save to '\report\assert_png\2018-01-31'
2018-01-31 11:12:09,724 - TestIDInfo - CRITICAL - Test case ID: test_area_002 
2018-01-31 11:12:35,123 - TestIDInfo - CRITICAL - Test case ID: test_area_003 
2018-01-31 11:12:48,949 - CreatePNG - INFO - Save the custom size screen snapshot as the ‘.\data\loc_now’ folder. png : test_area_003 
2018-01-31 11:12:51,382 - screenAssert - ERROR - Test case assertion failureGet, error info ( <PIL.[13 chars]n.PngImageFile image mode=RGBA size=1080x1704 at 0x1C58493CD68> != <PIL.[13 chars]n.PngImageFile image mode=RGBA size=1080x1704 at 0x1C584930860> )
2018-01-31 11:12:51,382 - screenAssert - ERROR - Test case assertion failureGet, the screen shot to save to '\report\assert_png\2018-01-31'
2018-01-31 11:13:04,224 - TestIDInfo - CRITICAL - Test case ID: test_area_004 
2018-01-31 11:13:28,975 - TestIDInfo - CRITICAL - Test case ID: test_area_005 
2018-01-31 11:13:53,989 - screenAssert - ERROR - Test case assertion failureGet, error info ( not all arguments converted during string formatting )
2018-01-31 11:13:53,989 - screenAssert - ERROR - Test case assertion failureGet, the screen shot to save to '\report\assert_png\2018-01-31'
2018-01-31 11:14:05,879 - TestIDInfo - CRITICAL - Test case ID: test_area_006 
2018-01-31 11:14:33,989 - APIDataInfo - INFO - My_api -> login_user -> 默认账号18521524172 -> 登陆成功
2018-01-31 11:14:34,198 - APIDataInfo - INFO - My_api -> login_user -> 默认账号18521524172 -> 登陆成功
2018-01-31 11:14:34,246 - APIDataInfo - INFO - My_api -> get_bind_id -> 默认账号18521524172 获取 bind_id 失败 
2018-01-31 11:14:34,295 - APIDataInfo - INFO - My_api -> get_area -> 默认账号18521524172 绑定的默认设备天机MINI03 -> 获取安全区域失败
2018-01-31 11:14:36,744 - screenAssert - ERROR - Test case assertion failureGet, error info ( '上海市徐汇区虹梅路街道宜山路801号金陵商务广场' != None )
2018-01-31 11:14:36,745 - screenAssert - ERROR - Test case assertion failureGet, the screen shot to save to '\report\assert_png\2018-01-31'
2018-01-31 11:14:48,424 - TestIDInfo - CRITICAL - Test case ID: test_area_007 
2018-01-31 11:15:12,904 - TestIDInfo - CRITICAL - Test case ID: test_area_008 
2018-01-31 11:15:44,455 - TestIDInfo - CRITICAL - Test case ID: test_area_009 
2018-01-31 11:16:02,649 - CreatePNG - INFO - Save the custom size screen snapshot as the ‘.\data\loc_now’ folder. png : test_area_009 
2018-01-31 11:16:15,531 - TestIDInfo - CRITICAL - Test case ID: test_area_010 
2018-01-31 11:16:42,593 - screenAssert - ERROR - Test case assertion failureGet, error info ( not all arguments converted during string formatting )
2018-01-31 11:16:42,594 - screenAssert - ERROR - Test case assertion failureGet, the screen shot to save to '\report\assert_png\2018-01-31'
2018-01-31 11:16:54,536 - TestIDInfo - CRITICAL - Test case ID: test_area_011 
2018-01-31 11:17:37,779 - Common - ERROR - ‘EC.visibility_of_element_located(loc)’ The page was not found ‘com.gwchina.lssw.parent:id/tv_fence_time’ element,Save the screen shot as the ‘.\report\report_html’ folder 
2018-01-31 11:17:40,231 - screenAssert - ERROR - Test case assertion failureGet, error info ( 'NoneType' object has no attribute 'text' )
2018-01-31 11:17:40,232 - screenAssert - ERROR - Test case assertion failureGet, the screen shot to save to '\report\assert_png\2018-01-31'
2018-01-31 11:17:53,347 - TestIDInfo - CRITICAL - Test case ID: test_area_012 
2018-01-31 11:18:40,003 - Common - ERROR - ‘EC.visibility_of_element_located(loc)’ The page was not found ‘com.gwchina.lssw.parent:id/ib_del’ element,Save the screen shot as the ‘.\report\report_html’ folder 
2018-01-31 11:18:42,461 - screenAssert - ERROR - Test case assertion failureGet, error info ( 'NoneType' object has no attribute 'click' )
2018-01-31 11:18:42,461 - screenAssert - ERROR - Test case assertion failureGet, the screen shot to save to '\report\assert_png\2018-01-31'
2018-01-31 11:18:54,451 - TestIDInfo - CRITICAL - Test case ID: test_area_013 
2018-01-31 11:19:40,645 - Common - ERROR - ‘EC.visibility_of_element_located(loc)’ The page was not found ‘com.gwchina.lssw.parent:id/ib_del’ element,Save the screen shot as the ‘.\report\report_html’ folder 
2018-01-31 11:19:43,050 - screenAssert - ERROR - Test case assertion failureGet, error info ( 'NoneType' object has no attribute 'click' )
2018-01-31 11:19:43,051 - screenAssert - ERROR - Test case assertion failureGet, the screen shot to save to '\report\assert_png\2018-01-31'
2018-01-31 11:19:54,863 - TestIDInfo - CRITICAL - Test case ID: test_area_014 
2018-01-31 11:20:06,561 - TestIDInfo - CRITICAL - Test case ID: test_area_015 
2018-01-31 11:20:37,480 - TestIDInfo - CRITICAL - Test case ID: test_area_016 
2018-01-31 11:21:18,809 - CreatePNG - INFO - Save the custom size screen snapshot as the ‘.\data\loc_now’ folder. png : test_area_016 
2018-01-31 11:21:30,721 - TestIDInfo - CRITICAL - Test case ID: test_area_017 
2018-01-31 11:21:42,140 - APIDataInfo - INFO - My_api -> login_user -> 默认账号18521524172 -> 登陆成功
2018-01-31 11:21:42,356 - APIDataInfo - INFO - My_api -> login_user -> 默认账号18521524172 -> 登陆成功
2018-01-31 11:21:42,406 - APIDataInfo - INFO - My_api -> get_bind_id -> 默认账号18521524172 获取 bind_id 失败 
2018-01-31 11:21:42,457 - APIDataInfo - INFO - My_api -> get_area -> 默认账号18521524172 绑定的默认设备天机MINI03 -> 获取安全区域失败
2018-01-31 11:21:44,977 - screenAssert - ERROR - Test case assertion failureGet, error info ( '上海市闵行区古美街道东兰路31号古美创智中心' != None )
2018-01-31 11:21:44,977 - screenAssert - ERROR - Test case assertion failureGet, the screen shot to save to '\report\assert_png\2018-01-31'
2018-01-31 11:21:56,869 - TestIDInfo - CRITICAL - Test case ID: test_area_018 
2018-01-31 11:22:22,295 - TestIDInfo - CRITICAL - Test case ID: test_area_019 
2018-01-31 11:22:46,783 - CreatePNG - INFO - Save the custom size screen snapshot as the ‘.\data\loc_now’ folder. png : test_area_019 
2018-01-31 11:22:58,902 - TestIDInfo - CRITICAL - Test case ID: test_area_020 
2018-01-31 11:23:22,094 - CreatePNG - INFO - Save the custom size screen snapshot as the ‘.\data\loc_now’ folder. png : test_area_020 
2018-01-31 11:23:35,120 - TestIDInfo - CRITICAL - Test case ID: test_area_021 
2018-01-31 11:23:56,723 - CreatePNG - INFO - Save the custom size screen snapshot as the ‘.\data\loc_now’ folder. png : test_area_021 
2018-01-31 11:24:08,287 - TestIDInfo - CRITICAL - Test case ID: test_area_022 
2018-01-31 11:24:30,316 - CreatePNG - INFO - Save the custom size screen snapshot as the ‘.\data\loc_now’ folder. png : test_area_022 
2018-01-31 11:24:42,147 - TestIDInfo - CRITICAL - Test case ID: test_area_023 
2018-01-31 11:25:08,936 - APIDataInfo - INFO - My_api -> login_user -> 默认账号18521524172 -> 登陆成功
2018-01-31 11:25:09,190 - APIDataInfo - INFO - My_api -> login_user -> 默认账号18521524172 -> 登陆成功
2018-01-31 11:25:09,260 - APIDataInfo - INFO - My_api -> get_bind_id -> 默认账号18521524172 获取 bind_id 失败 
2018-01-31 11:25:09,312 - APIDataInfo - INFO - My_api -> get_area -> 默认账号18521524172 绑定的默认设备天机MINI03 -> 获取安全区域失败
2018-01-31 11:25:12,199 - screenAssert - ERROR - Test case assertion failureGet, error info ( None != '上海市徐汇区田林街道波涛家居设计体验中心波涛家居(建材广场店)' )
2018-01-31 11:25:12,199 - screenAssert - ERROR - Test case assertion failureGet, the screen shot to save to '\report\assert_png\2018-01-31'
2018-01-31 11:25:23,831 - TestIDInfo - CRITICAL - Test case ID: test_area_024 
2018-01-31 11:25:24,048 - APIDataInfo - INFO - My_api -> login_user -> 默认账号18521524172 -> 登陆成功
2018-01-31 11:25:24,252 - APIDataInfo - INFO - My_api -> login_user -> 默认账号18521524172 -> 登陆成功
2018-01-31 11:25:24,315 - APIDataInfo - INFO - My_api -> get_bind_id -> 默认账号18521524172 获取 bind_id 失败 
2018-01-31 11:25:24,376 - APIDataInfo - INFO - My_api -> get_area -> 默认账号18521524172 绑定的默认设备天机MINI03 -> 获取安全区域失败
2018-01-31 11:26:05,947 - TestIDInfo - CRITICAL - Test case ID: test_area_025 
2018-01-31 11:26:23,994 - CreatePNG - INFO - Save the custom size screen snapshot as the ‘.\data\loc_now’ folder. png : test_area_025 
2018-01-31 11:26:36,058 - TestIDInfo - CRITICAL - Test case ID: test_area_026 
2018-01-31 11:26:54,821 - CreatePNG - INFO - Save the custom size screen snapshot as the ‘.\data\loc_now’ folder. png : test_area_026 
2018-01-31 11:27:06,749 - TestIDInfo - CRITICAL - Test case ID: test_area_027 
2018-01-31 11:27:44,061 - TestIDInfo - CRITICAL - Test case ID: test_area_028 
2018-01-31 11:28:22,014 - TestIDInfo - CRITICAL - Test case ID: test_area_029 
2018-01-31 11:29:07,184 - TestIDInfo - CRITICAL - Test case ID: test_area_030 
2018-01-31 11:29:35,114 - TestIDInfo - CRITICAL - Test case ID: test_area_031 
2018-01-31 11:29:57,781 - TestIDInfo - CRITICAL - Test case ID: test_area_032 
2018-01-31 11:30:14,637 - CreatePNG - INFO - Save the custom size screen snapshot as the ‘.\data\loc_now’ folder. png : test_area_032 
2018-01-31 11:30:26,733 - TestIDInfo - CRITICAL - Test case ID: test_area_033 
2018-01-31 11:30:46,155 - CreatePNG - INFO - Save the custom size screen snapshot as the ‘.\data\loc_now’ folder. png : test_area_033 
2018-01-31 11:31:06,502 - TestIDInfo - CRITICAL - Test case ID: test_area_034 
2018-01-31 11:31:33,697 - TestIDInfo - CRITICAL - Test case ID: test_area_035 
2018-01-31 11:31:52,762 - CreatePNG - INFO - Save the custom size screen snapshot as the ‘.\data\loc_now’ folder. png : test_area_035 
2018-01-31 11:32:12,397 - TestIDInfo - CRITICAL - Test case ID: test_area_036 
2018-01-31 11:32:35,237 - TestIDInfo - CRITICAL - Test case ID: test_area_037 
2018-01-31 11:32:53,210 - CreatePNG - INFO - Save the custom size screen snapshot as the ‘.\data\loc_now’ folder. png : test_area_037 
2018-01-31 11:33:05,321 - TestIDInfo - CRITICAL - Test case ID: test_area_038 
2018-01-31 11:33:46,778 - TestIDInfo - CRITICAL - Test case ID: test_area_039 
2018-01-31 11:34:20,384 - TestIDInfo - CRITICAL - Test case ID: test_area_040 
2018-01-31 11:36:47,212 - TestIDInfo - CRITICAL - Test case ID: test_area_041 
2018-01-31 11:37:17,613 - CreatePNG - INFO - Save the custom size screen snapshot as the ‘.\data\loc_now’ folder. png : test_area_041 
2018-01-31 11:37:29,675 - TestIDInfo - CRITICAL - Test case ID: test_area_042 
2018-01-31 11:37:51,717 - CreatePNG - INFO - Save the custom size screen snapshot as the ‘.\data\loc_now’ folder. png : test_area_042 
2018-01-31 11:38:03,653 - TestIDInfo - CRITICAL - Test case ID: test_area_043 
2018-01-31 11:38:28,519 - screenAssert - ERROR - Test case assertion failureGet, error info ( not all arguments converted during string formatting )
2018-01-31 11:38:28,520 - screenAssert - ERROR - Test case assertion failureGet, the screen shot to save to '\report\assert_png\2018-01-31'
2018-01-31 11:38:29,408 - AreaTest - CRITICAL - --------------------安全区域测试结束--------------------
2018-01-31 11:38:29,408 - SettingTest - CRITICAL - --------------------登录页面注册功能测试开始--------------------
2018-01-31 11:38:41,405 - TestIDInfo - CRITICAL - Test case ID: test_setting_001_notifications 
2018-01-31 11:38:53,631 - CreatePNG - INFO - Save the custom size screen snapshot as the ‘.\data\loc_now’ folder. png : test_setting_001_notifications 
2018-01-31 11:38:56,194 - screenAssert - ERROR - Test case assertion failureGet, error info ( <PIL.[13 chars]n.PngImageFile image mode=RGBA size=1080x1704 at 0x1C58495AF60> != <PIL.[13 chars]n.PngImageFile image mode=RGBA size=1080x1704 at 0x1C584961D68> )
2018-01-31 11:38:56,194 - screenAssert - ERROR - Test case assertion failureGet, the screen shot to save to '\report\assert_png\2018-01-31'
2018-01-31 11:39:08,942 - TestIDInfo - CRITICAL - Test case ID: test_setting_002_notifications 
2018-01-31 11:39:25,951 - screenAssert - ERROR - Test case assertion failureGet, error info ( Lists differ: [{'param_value': '1'}] != [{'param_value': '0'}]

First differing element 0:
{'param_value': '1'}
{'param_value': '0'}

- [{'param_value': '1'}]
?                   ^

+ [{'param_value': '0'}]
?                   ^
 )
2018-01-31 11:39:25,952 - screenAssert - ERROR - Test case assertion failureGet, the screen shot to save to '\report\assert_png\2018-01-31'
2018-01-31 11:39:39,891 - TestIDInfo - CRITICAL - Test case ID: test_setting_003_notifications 
2018-01-31 11:39:57,911 - screenAssert - ERROR - Test case assertion failureGet, error info ( Lists differ: [{'param_value': '1'}] != [{'param_value': '0'}]

First differing element 0:
{'param_value': '1'}
{'param_value': '0'}

- [{'param_value': '1'}]
?                   ^

+ [{'param_value': '0'}]
?                   ^
 )
2018-01-31 11:39:57,911 - screenAssert - ERROR - Test case assertion failureGet, the screen shot to save to '\report\assert_png\2018-01-31'
2018-01-31 11:40:11,627 - TestIDInfo - CRITICAL - Test case ID: test_setting_004_toher 
2018-01-31 11:40:23,894 - CreatePNG - INFO - Save the custom size screen snapshot as the ‘.\data\loc_now’ folder. png : test_setting_004_toher 
2018-01-31 11:40:26,531 - screenAssert - ERROR - Test case assertion failureGet, error info ( <PIL.[13 chars]n.PngImageFile image mode=RGBA size=1080x1704 at 0x1C58496E7F0> != <PIL.[13 chars]n.PngImageFile image mode=RGBA size=1080x1704 at 0x1C58495AAC8> )
2018-01-31 11:40:26,531 - screenAssert - ERROR - Test case assertion failureGet, the screen shot to save to '\report\assert_png\2018-01-31'
2018-01-31 11:40:40,336 - TestIDInfo - CRITICAL - Test case ID: test_setting_005_toher 
2018-01-31 11:40:55,502 - CreatePNG - INFO - Save the custom size screen snapshot as the ‘.\data\loc_now’ folder. png : test_setting_005_toher 
2018-01-31 11:40:58,103 - screenAssert - ERROR - Test case assertion failureGet, error info ( <PIL.PngImagePlugin.PngImageFile image mode=RGBA size=918x627 at 0x1C584979A90> != <PIL.PngImagePlugin.PngImageFile image mode=RGBA size=918x627 at 0x1C5848F3320> )
2018-01-31 11:40:58,103 - screenAssert - ERROR - Test case assertion failureGet, the screen shot to save to '\report\assert_png\2018-01-31'
2018-01-31 11:41:11,855 - TestIDInfo - CRITICAL - Test case ID: test_setting_006_toher 
2018-01-31 11:41:34,269 - CreatePNG - INFO - Save the custom size screen snapshot as the ‘.\data\loc_now’ folder. png : test_setting_006_toher 
2018-01-31 11:41:47,126 - TestIDInfo - CRITICAL - Test case ID: test_setting_007_toher 
2018-01-31 11:42:47,620 - TestIDInfo - CRITICAL - Test case ID: test_setting_008_toher 
2018-01-31 11:43:02,270 - screenAssert - ERROR - Test case assertion failureGet, error info ( Lists differ: [{'param_value': '1'}] != [{'param_value': '0'}]

First differing element 0:
{'param_value': '1'}
{'param_value': '0'}

- [{'param_value': '1'}]
?                   ^

+ [{'param_value': '0'}]
?                   ^
 )
2018-01-31 11:43:02,271 - screenAssert - ERROR - Test case assertion failureGet, the screen shot to save to '\report\assert_png\2018-01-31'
2018-01-31 11:43:15,046 - TestIDInfo - CRITICAL - Test case ID: test_setting_009_toher 
2018-01-31 11:43:30,443 - screenAssert - ERROR - Test case assertion failureGet, error info ( Lists differ: [{'param_value': '0'}] != [{'param_value': '1'}]

First differing element 0:
{'param_value': '0'}
{'param_value': '1'}

- [{'param_value': '0'}]
?                   ^

+ [{'param_value': '1'}]
?                   ^
 )
2018-01-31 11:43:30,443 - screenAssert - ERROR - Test case assertion failureGet, the screen shot to save to '\report\assert_png\2018-01-31'
2018-01-31 11:43:43,335 - TestIDInfo - CRITICAL - Test case ID: test_setting_010_toher 
2018-01-31 11:44:10,520 - TestIDInfo - CRITICAL - Test case ID: test_setting_011_toher 
2018-01-31 11:44:25,901 - SettingTest - CRITICAL - --------------------登录功能测试结束--------------------
2018-01-31 11:44:25,902 - Child_device - CRITICAL - --------------------孩子设备测试开始--------------------
2018-01-31 11:44:37,608 - TestIDInfo - CRITICAL - Test case ID: test_child_device_001 
2018-01-31 11:45:08,413 - TestIDInfo - CRITICAL - Test case ID: test_child_device_002 
2018-01-31 11:45:21,737 - CreatePNG - INFO - Save the custom size screen snapshot as the ‘.\data\loc_now’ folder. png : test_child_device_002_1 
2018-01-31 11:45:29,073 - CreatePNG - INFO - Save the custom size screen snapshot as the ‘.\data\loc_now’ folder. png : test_child_device_002_2 
2018-01-31 11:45:41,040 - TestIDInfo - CRITICAL - Test case ID: test_child_device_003 
2018-01-31 11:45:58,335 - CreatePNG - INFO - Save the custom size screen snapshot as the ‘.\data\loc_now’ folder. png : test_child_device_003 
2018-01-31 11:46:13,940 - TestIDInfo - CRITICAL - Test case ID: test_child_device_004 
2018-01-31 11:46:46,756 - TestIDInfo - CRITICAL - Test case ID: test_child_device_005 
2018-01-31 11:47:20,847 - TestIDInfo - CRITICAL - Test case ID: test_child_device_006 
2018-01-31 11:47:52,869 - TestIDInfo - CRITICAL - Test case ID: test_child_device_007 
2018-01-31 11:48:27,484 - TestIDInfo - CRITICAL - Test case ID: test_child_device_008 
2018-01-31 11:49:01,923 - TestIDInfo - CRITICAL - Test case ID: test_child_device_009 
2018-01-31 11:49:33,801 - TestIDInfo - CRITICAL - Test case ID: test_child_device_097 
2018-01-31 11:50:06,689 - TestIDInfo - CRITICAL - Test case ID: test_child_device_098 
2018-01-31 11:50:56,734 - TestIDInfo - CRITICAL - Test case ID: test_child_device_099 
2018-01-31 11:51:08,855 - screenAssert - ERROR - Test case assertion failureGet, error info ( '我的' != '设备管理'
- 我的
+ 设备管理
 )
2018-01-31 11:51:08,855 - screenAssert - ERROR - Test case assertion failureGet, the screen shot to save to '\report\assert_png\2018-01-31'
2018-01-31 11:51:09,790 - Child_device - CRITICAL - --------------------孩子设备测试结束--------------------
2018-01-31 11:51:09,790 - FeedBack - CRITICAL - --------------------意见反馈测试开始--------------------
2018-01-31 11:51:21,718 - TestIDInfo - CRITICAL - Test case ID: test_feedback_001 
2018-01-31 11:51:49,189 - TestIDInfo - CRITICAL - Test case ID: test_feedback_002 
2018-01-31 11:52:05,118 - CreatePNG - INFO - Save the custom size screen snapshot as the ‘.\data\loc_now’ folder. png : test_feedback_002 
2018-01-31 11:52:16,828 - TestIDInfo - CRITICAL - Test case ID: test_feedback_003 
2018-01-31 11:52:47,603 - TestIDInfo - CRITICAL - Test case ID: test_feedback_004 
2018-01-31 11:53:17,380 - TestIDInfo - CRITICAL - Test case ID: test_feedback_005 
2018-01-31 11:54:09,496 - screenAssert - ERROR - Test case assertion failureGet, error info ( Message: 
 )
2018-01-31 11:54:09,496 - screenAssert - ERROR - Test case assertion failureGet, the screen shot to save to '\report\assert_png\2018-01-31'
2018-01-31 11:54:21,348 - TestIDInfo - CRITICAL - Test case ID: test_feedback_006 
2018-01-31 11:54:57,965 - TestIDInfo - CRITICAL - Test case ID: test_feedback_007 
2018-01-31 11:55:29,928 - FeedBack - CRITICAL - --------------------意见反馈测试结束--------------------
2018-01-31 11:55:29,928 - About_Us - CRITICAL - --------------------关于我们测试开始--------------------
2018-01-31 11:55:40,724 - TestIDInfo - CRITICAL - Test case ID: test_about_001 
2018-01-31 11:55:56,763 - CreatePNG - INFO - Save the custom size screen snapshot as the ‘.\data\loc_now’ folder. png : test_about_001 
2018-01-31 11:56:09,527 - TestIDInfo - CRITICAL - Test case ID: test_about_002 
2018-01-31 11:56:28,483 - CreatePNG - INFO - Save the custom size screen snapshot as the ‘.\data\loc_now’ folder. png : test_about_002 
2018-01-31 11:56:40,320 - TestIDInfo - CRITICAL - Test case ID: test_about_003 
2018-01-31 11:57:06,719 - TestIDInfo - CRITICAL - Test case ID: test_about_004 
2018-01-31 11:57:33,427 - TestIDInfo - CRITICAL - Test case ID: test_about_005 
2018-01-31 11:57:50,325 - CreatePNG - INFO - Save the custom size screen snapshot as the ‘.\data\loc_now’ folder. png : test_about_005 
2018-01-31 11:58:03,081 - TestIDInfo - CRITICAL - Test case ID: test_about_006 
2018-01-31 11:58:19,419 - CreatePNG - INFO - Save the custom size screen snapshot as the ‘.\data\loc_now’ folder. png : test_about_006 
2018-01-31 11:58:32,632 - TestIDInfo - CRITICAL - Test case ID: test_about_007 
2018-01-31 11:58:49,602 - CreatePNG - INFO - Save the custom size screen snapshot as the ‘.\data\loc_now’ folder. png : test_about_007_1 
2018-01-31 11:58:52,499 - CreatePNG - INFO - Save the custom size screen snapshot as the ‘.\data\loc_now’ folder. png : test_about_007_3 
2018-01-31 11:58:56,739 - screenAssert - ERROR - Test case assertion failureGet, error info ( <PIL.PngImagePlugin.PngImageFile image mode=RGBA size=1080x504 at 0x1C5849682E8> != <PIL.PngImagePlugin.PngImageFile image mode=RGBA size=1080x502 at 0x1C584968EB8> )
2018-01-31 11:58:56,740 - screenAssert - ERROR - Test case assertion failureGet, the screen shot to save to '\report\assert_png\2018-01-31'
2018-01-31 11:59:08,625 - TestIDInfo - CRITICAL - Test case ID: test_about_008 
2018-01-31 11:59:32,812 - CreatePNG - INFO - Save the custom size screen snapshot as the ‘.\data\loc_now’ folder. png : test_about_008 
2018-01-31 11:59:46,882 - TestIDInfo - CRITICAL - Test case ID: test_about_009 
2018-01-31 12:00:05,796 - About_Us - CRITICAL - --------------------关于我们测试结束--------------------
2018-01-31 12:00:05,796 - Account_Security - CRITICAL - --------------------账号与安全测试开始--------------------
2018-01-31 12:00:16,628 - TestIDInfo - CRITICAL - Test case ID: test_account_001 
2018-01-31 12:00:37,727 - TestIDInfo - CRITICAL - Test case ID: test_account_002 
2018-01-31 12:00:48,981 - CreatePNG - INFO - Save the custom size screen snapshot as the ‘.\data\loc_now’ folder. png : test_account_002 
2018-01-31 12:01:01,019 - TestIDInfo - CRITICAL - Test case ID: test_account_003 
2018-01-31 12:01:27,290 - TestIDInfo - CRITICAL - Test case ID: test_account_004 
2018-01-31 12:01:45,784 - CreatePNG - INFO - Save the custom size screen snapshot as the ‘.\data\loc_now’ folder. png : test_account_004 
2018-01-31 12:01:53,407 - CreatePNG - INFO - Save the custom size screen snapshot as the ‘.\data\loc_now’ folder. png : test_account_004_2 
2018-01-31 12:02:00,490 - CreatePNG - INFO - Save the custom size screen snapshot as the ‘.\data\loc_now’ folder. png : test_account_004_3 
2018-01-31 12:02:19,229 - TestIDInfo - CRITICAL - Test case ID: test_account_005 
2018-01-31 12:02:43,672 - TestIDInfo - CRITICAL - Test case ID: test_account_006 
2018-01-31 12:03:00,662 - CreatePNG - INFO - Save the custom size screen snapshot as the ‘.\data\loc_now’ folder. png : test_account_006_1 
2018-01-31 12:03:08,721 - CreatePNG - INFO - Save the custom size screen snapshot as the ‘.\data\loc_now’ folder. png : test_account_006_2 
2018-01-31 12:03:18,020 - CreatePNG - INFO - Save the custom size screen snapshot as the ‘.\data\loc_now’ folder. png : test_account_006_3 
2018-01-31 12:03:36,320 - TestIDInfo - CRITICAL - Test case ID: test_account_007 
2018-01-31 12:04:01,602 - TestIDInfo - CRITICAL - Test case ID: test_account_008 
2018-01-31 12:04:32,929 - TestIDInfo - CRITICAL - Test case ID: test_account_009 
2018-01-31 12:05:04,862 - TestIDInfo - CRITICAL - Test case ID: test_account_010 
2018-01-31 12:05:34,598 - TestIDInfo - CRITICAL - Test case ID: test_account_011 
2018-01-31 12:06:05,057 - TestIDInfo - CRITICAL - Test case ID: test_account_012 
2018-01-31 12:07:10,487 - TestIDInfo - CRITICAL - Test case ID: test_account_099 
2018-01-31 12:07:28,625 - Account_Security - CRITICAL - --------------------账号与安全测试结束--------------------
2018-01-31 12:07:28,626 - LoginTest - CRITICAL - --------------------登录功能测试开始--------------------
2018-01-31 12:07:41,818 - TestIDInfo - CRITICAL - Test case ID: test_login_001 
2018-01-31 12:07:52,946 - CreatePNG - INFO - Save the custom size screen snapshot as the ‘.\data\loc_now’ folder. png : test_login_001 
2018-01-31 12:08:09,064 - TestIDInfo - CRITICAL - Test case ID: test_login_002 
2018-01-31 12:08:21,116 - CreatePNG - INFO - Save the custom size screen snapshot as the ‘.\data\loc_now’ folder. png : test_login_002 
2018-01-31 12:08:37,981 - TestIDInfo - CRITICAL - Test case ID: test_login_003 
2018-01-31 12:09:06,897 - TestIDInfo - CRITICAL - Test case ID: test_login_004 
2018-01-31 12:09:36,068 - TestIDInfo - CRITICAL - Test case ID: test_login_005 
2018-01-31 12:10:05,886 - TestIDInfo - CRITICAL - Test case ID: test_login_006 
2018-01-31 12:10:34,021 - TestIDInfo - CRITICAL - Test case ID: test_login_007 
2018-01-31 12:11:02,817 - TestIDInfo - CRITICAL - Test case ID: test_login_008 
2018-01-31 12:11:34,672 - TestIDInfo - CRITICAL - Test case ID: test_login_009_qq 
2018-01-31 12:12:18,907 - TestIDInfo - CRITICAL - Test case ID: test_login_010_wx 
2018-01-31 12:13:15,494 - screenAssert - ERROR - Test case assertion failureGet, error info ( Message: 
 )
2018-01-31 12:13:15,494 - screenAssert - ERROR - Test case assertion failureGet, the screen shot to save to '\report\assert_png\2018-01-31'
2018-01-31 12:13:32,710 - TestIDInfo - CRITICAL - Test case ID: test_login_011_sina 
2018-01-31 12:14:30,761 - screenAssert - ERROR - Test case assertion failureGet, error info ( Message: 
 )
2018-01-31 12:14:30,761 - screenAssert - ERROR - Test case assertion failureGet, the screen shot to save to '\report\assert_png\2018-01-31'
2018-01-31 12:14:34,722 - LoginTest - CRITICAL - --------------------登录功能测试结束--------------------
2018-01-31 12:14:34,723 - SignUpTest - CRITICAL - --------------------登录页面注册功能测试开始--------------------
2018-01-31 12:14:46,748 - TestIDInfo - CRITICAL - Test case ID: test_signup_001_phone 
2018-01-31 12:15:10,782 - TestIDInfo - CRITICAL - Test case ID: test_signup_002_phone 
2018-01-31 12:15:37,698 - TestIDInfo - CRITICAL - Test case ID: test_signup_003_phone 
2018-01-31 12:16:02,690 - TestIDInfo - CRITICAL - Test case ID: test_signup_004_phone 
2018-01-31 12:16:32,205 - TestIDInfo - CRITICAL - Test case ID: test_signup_005_phone 
2018-01-31 12:16:58,826 - TestIDInfo - CRITICAL - Test case ID: test_signup_006_phone 
2018-01-31 12:17:26,086 - TestIDInfo - CRITICAL - Test case ID: test_signup_007_phone 
2018-01-31 12:17:53,093 - TestIDInfo - CRITICAL - Test case ID: test_signup_008_phone 
2018-01-31 12:18:22,620 - TestIDInfo - CRITICAL - Test case ID: test_signup_009_phone 
2018-01-31 12:18:52,490 - TestIDInfo - CRITICAL - Test case ID: test_signup_010_phone 
2018-01-31 12:19:26,671 - TestIDInfo - CRITICAL - Test case ID: test_signup_011_email 
2018-01-31 12:19:55,375 - TestIDInfo - CRITICAL - Test case ID: test_signup_012_email 
2018-01-31 12:20:26,201 - TestIDInfo - CRITICAL - Test case ID: test_signup_013_email 
2018-01-31 12:20:55,751 - TestIDInfo - CRITICAL - Test case ID: test_signup_014_email 
2018-01-31 12:21:26,008 - TestIDInfo - CRITICAL - Test case ID: test_signup_015_email 
2018-01-31 12:21:57,847 - TestIDInfo - CRITICAL - Test case ID: test_signup_016_email 
2018-01-31 12:22:29,503 - TestIDInfo - CRITICAL - Test case ID: test_signup_017_email 
2018-01-31 12:22:59,502 - TestIDInfo - CRITICAL - Test case ID: test_signup_018_email 
2018-01-31 12:23:36,150 - TestIDInfo - CRITICAL - Test case ID: test_signup_019_email 
2018-01-31 12:24:21,165 - TestIDInfo - CRITICAL - Test case ID: test_signup_020_account 
2018-01-31 12:24:49,064 - TestIDInfo - CRITICAL - Test case ID: test_signup_021_account 
2018-01-31 12:25:18,916 - TestIDInfo - CRITICAL - Test case ID: test_signup_022_account 
2018-01-31 12:25:48,942 - TestIDInfo - CRITICAL - Test case ID: test_signup_023_account 
2018-01-31 12:26:23,910 - TestIDInfo - CRITICAL - Test case ID: test_signup_024_account 
2018-01-31 12:27:00,420 - TestIDInfo - CRITICAL - Test case ID: test_signup_025_account 
2018-01-31 12:27:37,546 - TestIDInfo - CRITICAL - Test case ID: test_signup_026_account 
2018-01-31 12:28:10,472 - TestIDInfo - CRITICAL - Test case ID: test_signup_027_account 
2018-01-31 12:28:44,896 - TestIDInfo - CRITICAL - Test case ID: test_signup_028_account 
2018-01-31 12:29:21,726 - TestIDInfo - CRITICAL - Test case ID: test_signup_029_account 
2018-01-31 12:29:57,639 - TestIDInfo - CRITICAL - Test case ID: test_signup_030_account 
2018-01-31 12:30:31,351 - TestIDInfo - CRITICAL - Test case ID: test_signup_031_account 
2018-01-31 12:31:25,103 - screenAssert - ERROR - Test case assertion failureGet, error info ( Message: 
 )
2018-01-31 12:31:25,103 - screenAssert - ERROR - Test case assertion failureGet, the screen shot to save to '\report\assert_png\2018-01-31'
2018-01-31 12:31:27,061 - SignUpTest - CRITICAL - --------------------登录页面注册功能测试结束--------------------
2018-01-31 12:31:27,085 - HTMLTestRunner - CRITICAL -  =========== The test results ===========  
2018-01-31 12:31:27,085 - HTMLTestRunner - CRITICAL -  result.success_count , Pass : 184 
2018-01-31 12:31:27,085 - HTMLTestRunner - CRITICAL -  result.failure_count , Fail : 26 
2018-01-31 12:31:27,086 - HTMLTestRunner - CRITICAL -  result.error_count   , Error: 18 
2018-01-31 12:31:27,086 - HTMLTestRunner - CRITICAL -  all test cases : 228 
2018-01-31 12:31:27,086 - HTMLTestRunner - CRITICAL -  =========== The test results ===========  
